commit f0483c9841dee05872a604f06b50a0d2eaa88034
Author: wavetry <964711246@qq.com>
Date:   Fri May 12 18:13:36 2017 +0800

    add spider code

commit 70d99af2e164b08174c0f24036bbfa423698ab25
Author: wavetry <964711246@qq.com>
Date:   Tue May 9 14:25:54 2017 +0800

    add some spider python files

commit 3750e8990fc0803e18956987b3415eb69140c8f2
Author: wavetry <964711246@qq.com>
Date:   Fri Feb 10 20:17:49 2017 +0800

    some useful moified

commit 5a65bc26dee283b8d0a0d230085bbe37e0e02878
Author: wavetry <964711246@qq.com>
Date:   Wed Feb 8 15:59:29 2017 +0800

    modified readme file

commit 516287f5cac2e74872ef439f028fc7db3e0749f3
Author: wavetry <964711246@qq.com>
Date:   Wed Feb 8 15:52:41 2017 +0800

    init repo

commit 4c51f7291878466f59cb0b9df8d2da79cf2bedb2
Author: wavetry <964711246@qq.com>
Date:   Wed Feb 8 15:49:59 2017 +0800

    delete useless files

commit 41d90c6c0978d4a28605f2c15a7b3ac23671d181
Author: wavetry <964711246@qq.com>
Date:   Wed Feb 8 15:45:49 2017 +0800

    delete something useless

commit 4f5ae79e055e569f3e34cbc4a34bb5dc7f769c2d
Author: wave <wavetry@gmail.com>
Date:   Mon Sep 19 01:00:25 2016 +0800

    test file python

commit 7bb3091f819068aec118bf4dac85b45e12e8a617
Author: wavetry <964711246@qq.com>
Date:   Mon Feb 22 12:08:02 2016 +0800

    asd

commit 95d75a158a471ed4a32f66dcf057a8462c9416be
Author: wavetry <964711246@qq.com>
Date:   Fri Jan 29 18:20:24 2016 +0800

    add new spider

commit 4770cecb38e5fa9f8b736098ab3c3cc197a5db6f
Author: wavetry <964711246@qq.com>
Date:   Wed Jan 27 16:37:40 2016 +0800

    change

commit 64af471f8f51e4a0d48ab4491b82e14315773d9f
Author: wavetry <964711246@qq.com>
Date:   Wed Jan 27 16:35:18 2016 +0800

    spider for baidu tieba

commit 875caabe0fb9c9aa67a8344b5ea931ccad22416f
Author: wavetry <964711246@qq.com>
Date:   Wed Jan 27 14:33:52 2016 +0800

    new file

commit efd9deeddfc5e390434e7f7148462fdfc4e538ca
Author: youai <youai@deadline.local>
Date:   Mon Jan 25 15:27:41 2016 +0800

    init reposity

commit a4520793598ac0764fa7b1aa1ad7fac4a50f62a0
Author: youai <youai@youais-Mac-mini.local>
Date:   Tue Jan 19 16:06:52 2016 +0800

    ad

commit 1fee42302f45620adae98551d80a4880d65242fe
Author: youai <youai@youais-Mac-mini.local>
Date:   Tue Jan 19 16:06:37 2016 +0800

    ad

commit 9e7db34bc09af6bf21598f3e6061a8e650fb7444
Author: youai <youai@youais-Mac-mini.local>
Date:   Tue Jan 19 16:03:22 2016 +0800

    instering

commit 9fb8231317adc3792ccc76132f5561879508dd25
Author: youai <youai@youais-Mac-mini.local>
Date:   Tue Jan 19 14:32:08 2016 +0800

    tcp udp

commit 44373b2230d8210d130400ae07f1b443d35a7636
Author: youai <youai@youais-Mac-mini.local>
Date:   Mon Jan 18 12:02:37 2016 +0800

    help

commit 837e9304151917cca0b7a46782eb76a55bdee341
Author: youai <youai@youais-Mac-mini.local>
Date:   Tue Jan 12 11:39:41 2016 +0800

    add

commit 86e9ae5a55c26fa468d2a870ed7c2a2469056d67
Author: youai <youai@youais-Mac-mini.local>
Date:   Mon Jan 11 15:24:14 2016 +0800

    hehe

commit 876825a0e9da667cbb0737fda00791e9bac86871
Author: youai <youai@youais-Mac-mini.local>
Date:   Thu Jan 7 10:31:44 2016 +0800

    hehe

commit 51dc949984443c3806f91d4ac065b7b060183d9d
Author: youai <youai@youais-Mac-mini.local>
Date:   Wed Jan 6 15:51:41 2016 +0800

    somthing change

commit 0a63238be57d8285b4988a9d891ac77eea52edf0
Author: youai <youai@youais-Mac-mini.local>
Date:   Tue Jan 5 21:45:12 2016 +0800

    nothing

commit ec7664abbdac0fe4f6ea45b1318d4aa7687a9174
Author: youai <youai@youais-Mac-mini.local>
Date:   Wed Dec 30 17:05:13 2015 +0800

    xixixi

commit c849750d128ab3171014167eecd6f43e974d8a7e
Author: youai <youai@youais-Mac-mini.local>
Date:   Wed Dec 30 17:04:27 2015 +0800

    change something

commit 024bfaefb96172d771fe44967afb2c3295332e60
Author: youai <youai@youais-Mac-mini.local>
Date:   Tue Dec 29 15:39:33 2015 +0800

    add python files

commit 208db51ce3bb9eeda3acf9a0367af30891ec39ae
Author: youai <youai@youais-Mac-mini.local>
Date:   Tue Dec 29 10:46:37 2015 +0800

    remove

commit 1c747d2d7d76c97cdac5b7c085ec3c99b848c45d
Author: youai <youai@youais-Mac-mini.local>
Date:   Mon Dec 28 17:53:15 2015 +0800

    remove

commit f3332e66f20b734cfa47e3aac56673f4f2fa710b
Author: youai <youai@youais-Mac-mini.local>
Date:   Mon Dec 28 14:51:53 2015 +0800

    modified something

commit db2cb5aa08f26be3a6598e6ca1b9dcf818546864
Author: youai <youai@youais-Mac-mini.local>
Date:   Mon Dec 28 14:44:47 2015 +0800

    add new files

commit 6314ccc83a041d4cbaf288d3dac48bd38392023c
Author: wavetry <964711246@qq.com>
Date:   Mon Dec 28 14:29:51 2015 +0800

    Initial commit
